This file contains any messages produced by compilers while
running configure, to aid debugging if configure makes a mistake.

It was created by configure, which was
generated by GNU Autoconf 2.63.  Invocation command line was

  $ ./configure --disable-option-checking --prefix=/usr/local/lib/php/extensions/no-debug-zts-20090626/wsf_c --with-wsf --enable-openssl --with-axis2=/home/nandika/work/wsfphp/2.1.0dist/wsf_c/axis2c/include --enable-tcp=yes --enable-tests=yes --enable-savan=no --with-xmpp --with-archive CFLAGS=-g --cache-file=/dev/null --srcdir=.

## --------- ##
## Platform. ##
## --------- ##

hostname = localhost.localdomain
uname -m = x86_64
uname -r = 2.6.27.41-170.2.117.fc10.x86_64
uname -s = Linux
uname -v = #1 SMP Thu Dec 10 10:36:29 EST 2009

/usr/bin/uname -p = unknown
/bin/uname -X     = unknown

/bin/arch              = x86_64
/usr/bin/arch -k       = unknown
/usr/convex/getsysinfo = unknown
/usr/bin/hostinfo      = unknown
/bin/machine           = unknown
/usr/bin/oslevel       = unknown
/bin/universe          = unknown

PATH: /usr/local/ssl/bin
PATH: /home/nandika/software/jdk1.6.0_13/bin
PATH: /home/nandika/software/apache-maven-2.0.11/bin
PATH: /usr/local/ssl/bin
PATH: /home/nandika/software/jdk1.6.0_13/bin
PATH: /home/nandika/software/apache-maven-2.0.11/bin
PATH: /usr/lib64/qt-3.3/bin
PATH: /usr/kerberos/bin
PATH: /usr/lib64/ccache
PATH: /usr/local/bin
PATH: /usr/bin
PATH: /bin
PATH: /usr/local/sbin
PATH: /usr/sbin
PATH: /sbin
PATH: /home/nandika/bin


## ----------- ##
## Core tests. ##
## ----------- ##

configure:2320: checking for grep that handles long lines and -e
configure:2380: result: /bin/grep
configure:2385: checking for egrep
configure:2449: result: /bin/grep -E
configure:2454: checking for a sed that does not truncate output
configure:2508: result: /bin/sed
configure:2640: checking for cc
configure:2656: found /usr/lib64/ccache/cc
configure:2667: result: cc
configure:2701: checking for C compiler version
configure:2709: cc --version >&5
cc (GCC) 4.3.2 20081105 (Red Hat 4.3.2-7)
Copyright (C) 2008 Free Software Foundation, Inc.
This is free software; see the source for copying conditions.  There is NO
warranty; not even for MERCHANTABILITY or FITNESS FOR A PARTICULAR PURPOSE.

configure:2713: $? = 0
configure:2720: cc -v >&5
Using built-in specs.
Target: x86_64-redhat-linux
Configured with: ../configure --prefix=/usr --mandir=/usr/share/man --infodir=/usr/share/info --with-bugurl=http://bugzilla.redhat.com/bugzilla --enable-bootstrap --enable-shared --enable-threads=posix --enable-checking=release --with-system-zlib --enable-__cxa_atexit --disable-libunwind-exceptions --enable-languages=c,c++,objc,obj-c++,java,fortran,ada --enable-java-awt=gtk --disable-dssi --enable-plugin --with-java-home=/usr/lib/jvm/java-1.5.0-gcj-1.5.0.0/jre --enable-libgcj-multifile --enable-java-maintainer-mode --with-ecj-jar=/usr/share/java/eclipse-ecj.jar --disable-libjava-multilib --with-cpu=generic --build=x86_64-redhat-linux
Thread model: posix
gcc version 4.3.2 20081105 (Red Hat 4.3.2-7) (GCC) 
configure:2724: $? = 0
configure:2731: cc -V >&5
cc: '-V' option must have argument
configure:2735: $? = 1
configure:2758: checking for C compiler default output file name
configure:2780: cc -g   conftest.c  >&5
configure:2784: $? = 0
configure:2822: result: a.out
configure:2841: checking whether the C compiler works
configure:2851: ./a.out
configure:2855: $? = 0
configure:2874: result: yes
configure:2881: checking whether we are cross compiling
configure:2883: result: no
configure:2886: checking for suffix of executables
configure:2893: cc -o conftest -g   conftest.c  >&5
configure:2897: $? = 0
configure:2923: result: 
configure:2929: checking for suffix of object files
configure:2955: cc -c -g  conftest.c >&5
configure:2959: $? = 0
configure:2984: result: o
configure:2988: checking whether we are using the GNU C compiler
configure:3017: cc -c -g  conftest.c >&5
configure:3024: $? = 0
configure:3041: result: yes
configure:3050: checking whether cc accepts -g
configure:3080: cc -c -g  conftest.c >&5
configure:3087: $? = 0
configure:3188: result: yes
configure:3205: checking for cc option to accept ISO C89
configure:3279: cc  -c -g  conftest.c >&5
configure:3286: $? = 0
configure:3309: result: none needed
configure:3333: checking how to run the C preprocessor
configure:3373: cc -E  conftest.c
configure:3380: $? = 0
configure:3411: cc -E  conftest.c
conftest.c:8:28: error: ac_nonexistent.h: No such file or directory
configure:3418: $? = 1
configure: failed program was:
| /* confdefs.h.  */
| #define PACKAGE_NAME ""
| #define PACKAGE_TARNAME ""
| #define PACKAGE_VERSION ""
| #define PACKAGE_STRING ""
| #define PACKAGE_BUGREPORT ""
| /* end confdefs.h.  */
| #include <ac_nonexistent.h>
configure:3451: result: cc -E
configure:3480: cc -E  conftest.c
configure:3487: $? = 0
configure:3518: cc -E  conftest.c
conftest.c:8:28: error: ac_nonexistent.h: No such file or directory
configure:3525: $? = 1
configure: failed program was:
| /* confdefs.h.  */
| #define PACKAGE_NAME ""
| #define PACKAGE_TARNAME ""
| #define PACKAGE_VERSION ""
| #define PACKAGE_STRING ""
| #define PACKAGE_BUGREPORT ""
| /* end confdefs.h.  */
| #include <ac_nonexistent.h>
configure:3567: checking for icc
configure:3580: result: no
configure:3594: checking for suncc
configure:3607: result: no
configure:3625: checking whether cc understands -c and -o together
configure:3657: cc -c conftest.c -o conftest2.o >&5
configure:3661: $? = 0
configure:3667: cc -c conftest.c -o conftest2.o >&5
configure:3671: $? = 0
configure:3726: result: yes
configure:3742: checking for system library directory
configure:3760: result: lib
configure:3767: checking if compiler supports -R
configure:3796: cc -o conftest -g   conftest.c -R /usr/lib  >&5
cc: unrecognized option '-R'
/usr/lib: file not recognized: Is a directory
collect2: ld returned 1 exit status
configure:3803: $? = 1
configure: failed program was:
| /* confdefs.h.  */
| #define PACKAGE_NAME ""
| #define PACKAGE_TARNAME ""
| #define PACKAGE_VERSION ""
| #define PACKAGE_STRING ""
| #define PACKAGE_BUGREPORT ""
| /* end confdefs.h.  */
| 
| int
| main ()
| {
| 
|   ;
|   return 0;
| }
configure:3825: result: no
configure:3830: checking if compiler supports -Wl,-rpath,
configure:3859: cc -o conftest -g   conftest.c -Wl,-rpath,/usr/lib  >&5
configure:3866: $? = 0
configure:3888: result: yes
configure:3937: checking build system type
configure:3955: result: x86_64-unknown-linux-gnu
configure:3977: checking host system type
configure:3992: result: x86_64-unknown-linux-gnu
configure:4014: checking target system type
configure:4029: result: x86_64-unknown-linux-gnu
configure:4141: checking for PHP prefix
configure:4143: result: /usr/local
configure:4145: checking for PHP includes
configure:4147: result: -I/usr/local/include/php -I/usr/local/include/php/main -I/usr/local/include/php/TSRM -I/usr/local/include/php/Zend -I/usr/local/include/php/ext -I/usr/local/include/php/ext/date/lib
configure:4149: checking for PHP extension directory
configure:4151: result: /usr/local/lib/php/extensions/no-debug-zts-20090626
configure:4153: checking for PHP installed headers prefix
configure:4155: result: /usr/local/include/php
configure:4158: checking if debug is enabled
configure:4188: result: no
configure:4191: checking if zts is enabled
configure:4221: result: no
configure:4295: checking for re2c
configure:4325: result: no
configure:4350: WARNING: You will need re2c 0.13.4 or later if you want to regenerate PHP parsers.
configure:4364: checking for gawk
configure:4381: found /usr/bin/gawk
configure:4392: result: gawk
configure:4439: checking Whether to enable WSF/PHP Support
configure:4481: result: yes, shared
configure:6114: checking for ld used by cc
configure:6181: result: /usr/bin/ld
configure:6190: checking if the linker (/usr/bin/ld) is GNU ld
configure:6205: result: yes
configure:6210: checking for /usr/bin/ld option to reload object files
configure:6217: result: -r
configure:6235: checking for BSD-compatible nm
configure:6284: result: /usr/bin/nm -B
configure:6288: checking whether ln -s works
configure:6292: result: yes
configure:6299: checking how to recognize dependent libraries
configure:6485: result: pass_all
configure:6570: cc -c -g  conftest.c >&5
configure:6573: $? = 0
configure:6726: checking for ANSI C header files
configure:6756: cc -c -g  conftest.c >&5
configure:6763: $? = 0
configure:6862: cc -o conftest -g   conftest.c  >&5
configure:6866: $? = 0
configure:6872: ./conftest
configure:6876: $? = 0
configure:6894: result: yes
configure:6918: checking for sys/types.h
configure:6939: cc -c -g  conftest.c >&5
configure:6946: $? = 0
configure:6963: result: yes
configure:6918: checking for sys/stat.h
configure:6939: cc -c -g  conftest.c >&5
configure:6946: $? = 0
configure:6963: result: yes
configure:6918: checking for stdlib.h
configure:6939: cc -c -g  conftest.c >&5
configure:6946: $? = 0
configure:6963: result: yes
configure:6918: checking for string.h
configure:6939: cc -c -g  conftest.c >&5
configure:6946: $? = 0
configure:6963: result: yes
configure:6918: checking for memory.h
configure:6939: cc -c -g  conftest.c >&5
configure:6946: $? = 0
configure:6963: result: yes
configure:6918: checking for strings.h
configure:6939: cc -c -g  conftest.c >&5
configure:6946: $? = 0
configure:6963: result: yes
configure:6918: checking for inttypes.h
configure:6939: cc -c -g  conftest.c >&5
configure:6946: $? = 0
configure:6963: result: yes
configure:6918: checking for stdint.h
configure:6939: cc -c -g  conftest.c >&5
configure:6946: $? = 0
configure:6963: result: yes
configure:6918: checking for unistd.h
configure:6939: cc -c -g  conftest.c >&5
configure:6946: $? = 0
configure:6963: result: yes
configure:6993: checking dlfcn.h usability
configure:7010: cc -c -g  conftest.c >&5
configure:7017: $? = 0
configure:7031: result: yes
configure:7035: checking dlfcn.h presence
configure:7050: cc -E  conftest.c
configure:7057: $? = 0
configure:7071: result: yes
configure:7099: checking for dlfcn.h
configure:7108: result: yes
configure:7135: checking the maximum length of command line arguments
configure:7247: result: 1966080
configure:7259: checking command to parse /usr/bin/nm -B output from cc object
configure:7364: cc -c -g  conftest.c >&5
configure:7367: $? = 0
configure:7371: /usr/bin/nm -B conftest.o \| sed -n -e 's/^.*[ 	]\([ABCDGIRSTW][ABCDGIRSTW]*\)[ 	][ 	]*\([_A-Za-z][_A-Za-z0-9]*\)$/\1 \2 \2/p' \> conftest.nm
configure:7374: $? = 0
configure:7426: cc -o conftest -g   conftest.c conftstm.o >&5
configure:7429: $? = 0
configure:7467: result: ok
configure:7471: checking for objdir
configure:7486: result: .libs
configure:7578: checking for ar
configure:7594: found /usr/bin/ar
configure:7605: result: ar
configure:7670: checking for ranlib
configure:7686: found /usr/bin/ranlib
configure:7697: result: ranlib
configure:7762: checking for strip
configure:7778: found /usr/bin/strip
configure:7789: result: strip
configure:8358: checking if cc supports -fno-rtti -fno-exceptions
configure:8376: cc -c -g  -fno-rtti -fno-exceptions conftest.c >&5
cc1: warning: command line option "-fno-rtti" is valid for C++/ObjC++ but not for C
cc1: warning: command line option "-fno-rtti" is valid for C++/ObjC++ but not for C
configure:8380: $? = 0
configure:8393: result: no
configure:8408: checking for cc option to produce PIC
configure:8648: result: -fPIC
configure:8656: checking if cc PIC flag -fPIC works
configure:8674: cc -c -g  -fPIC -DPIC conftest.c >&5
configure:8678: $? = 0
configure:8691: result: yes
configure:8719: checking if cc static flag -static works
configure:8747: result: yes
configure:8757: checking if cc supports -c -o file.o
configure:8778: cc -c -g  -o out/conftest2.o conftest.c >&5
configure:8782: $? = 0
configure:8804: result: yes
configure:8830: checking whether the cc linker (/usr/bin/ld -m elf_x86_64) supports shared libraries
configure:9762: result: yes
configure:9783: checking whether -lc should be explicitly linked in
configure:9788: cc -c -g  conftest.c >&5
configure:9791: $? = 0
configure:9806: cc -shared conftest.o  -v -Wl,-soname -Wl,conftest -o conftest 2\>\&1 \| grep  -lc  \>/dev/null 2\>\&1
configure:9809: $? = 0
configure:9821: result: no
configure:9829: checking dynamic linker characteristics
configure:10431: result: GNU/Linux ld.so
configure:10455: checking how to hardcode library paths into programs
configure:10480: result: immediate
configure:10494: checking whether stripping libraries is possible
configure:10499: result: yes
configure:11329: checking if libtool supports shared libraries
configure:11331: result: yes
configure:11334: checking whether to build shared libraries
configure:11355: result: yes
configure:11358: checking whether to build static libraries
configure:11362: result: no
configure:11457: result:
creating libtool
configure:15158: creating ./config.status

## ---------------------- ##
## Running config.status. ##
## ---------------------- ##

This file was extended by config.status, which was
generated by GNU Autoconf 2.63.  Invocation command line was

  CONFIG_FILES    = 
  CONFIG_HEADERS  = 
  CONFIG_LINKS    = 
  CONFIG_COMMANDS = 
  $ ./config.status 

on localhost.localdomain

config.status:607: creating config.h
config.status:741: config.h is unchanged

## ---------------- ##
## Cache variables. ##
## ---------------- ##

ac_cv_build=x86_64-unknown-linux-gnu
ac_cv_c_compiler_gnu=yes
ac_cv_env_CC_set=
ac_cv_env_CC_value=
ac_cv_env_CFLAGS_set=set
ac_cv_env_CFLAGS_value=-g
ac_cv_env_CPPFLAGS_set=
ac_cv_env_CPPFLAGS_value=
ac_cv_env_CPP_set=
ac_cv_env_CPP_value=
ac_cv_env_LDFLAGS_set=
ac_cv_env_LDFLAGS_value=
ac_cv_env_LIBS_set=
ac_cv_env_LIBS_value=
ac_cv_env_build_alias_set=
ac_cv_env_build_alias_value=
ac_cv_env_host_alias_set=
ac_cv_env_host_alias_value=
ac_cv_env_target_alias_set=
ac_cv_env_target_alias_value=
ac_cv_header_dlfcn_h=yes
ac_cv_header_inttypes_h=yes
ac_cv_header_memory_h=yes
ac_cv_header_stdc=yes
ac_cv_header_stdint_h=yes
ac_cv_header_stdlib_h=yes
ac_cv_header_string_h=yes
ac_cv_header_strings_h=yes
ac_cv_header_sys_stat_h=yes
ac_cv_header_sys_types_h=yes
ac_cv_header_unistd_h=yes
ac_cv_host=x86_64-unknown-linux-gnu
ac_cv_objext=o
ac_cv_path_EGREP='/bin/grep -E'
ac_cv_path_GREP=/bin/grep
ac_cv_prog_AWK=gawk
ac_cv_prog_CPP='cc -E'
ac_cv_prog_ac_ct_AR=ar
ac_cv_prog_ac_ct_CC=cc
ac_cv_prog_ac_ct_RANLIB=ranlib
ac_cv_prog_ac_ct_STRIP=strip
ac_cv_prog_cc_c89=
ac_cv_prog_cc_cc_c_o=yes
ac_cv_prog_cc_g=yes
ac_cv_target=x86_64-unknown-linux-gnu
lt_cv_deplibs_check_method=pass_all
lt_cv_file_magic_cmd='$MAGIC_CMD'
lt_cv_file_magic_test_file=
lt_cv_ld_reload_flag=-r
lt_cv_objdir=.libs
lt_cv_path_LD=/usr/bin/ld
lt_cv_path_NM='/usr/bin/nm -B'
lt_cv_path_SED=/bin/sed
lt_cv_prog_compiler_c_o=yes
lt_cv_prog_compiler_pic_works=yes
lt_cv_prog_compiler_rtti_exceptions=no
lt_cv_prog_compiler_static_works=yes
lt_cv_prog_gnu_ld=yes
lt_cv_sys_global_symbol_pipe='sed -n -e '\''s/^.*[ 	]\([ABCDGIRSTW][ABCDGIRSTW]*\)[ 	][ 	]*\([_A-Za-z][_A-Za-z0-9]*\)$/\1 \2 \2/p'\'''
lt_cv_sys_global_symbol_to_c_name_address='sed -n -e '\''s/^: \([^ ]*\) $/  {\"\1\", (lt_ptr) 0},/p'\'' -e '\''s/^[BCDEGRST] \([^ ]*\) \([^ ]*\)$/  {"\2", (lt_ptr) \&\2},/p'\'''
lt_cv_sys_global_symbol_to_cdecl='sed -n -e '\''s/^. .* \(.*\)$/extern int \1;/p'\'''
lt_cv_sys_lib_dlsearch_path_spec='/lib /usr/lib /usr/lib64/mysql /usr/lib64/nvidia /usr/lib64/qt-3.3/lib /usr/lib64/tcl8.5 /usr/lib64/xulrunner-1.9 '
lt_cv_sys_lib_search_path_spec='/usr/lib/gcc/x86_64-redhat-linux/4.3.2 /usr/lib64 /lib64'
lt_cv_sys_max_cmd_len=1966080
lt_lt_cv_prog_compiler_c_o='"yes"'
lt_lt_cv_sys_global_symbol_pipe='"sed -n -e '\''s/^.*[ 	]\\([ABCDGIRSTW][ABCDGIRSTW]*\\)[ 	][ 	]*\\([_A-Za-z][_A-Za-z0-9]*\\)\$/\\1 \\2 \\2/p'\''"'
lt_lt_cv_sys_global_symbol_to_c_name_address='"sed -n -e '\''s/^: \\([^ ]*\\) \$/  {\\\"\\1\\\", (lt_ptr) 0},/p'\'' -e '\''s/^[BCDEGRST] \\([^ ]*\\) \\([^ ]*\\)\$/  {\"\\2\", (lt_ptr) \\&\\2},/p'\''"'
lt_lt_cv_sys_global_symbol_to_cdecl='"sed -n -e '\''s/^. .* \\(.*\\)\$/extern int \\1;/p'\''"'
php_cv_cc_dashr=no
php_cv_cc_rpath=yes

## ----------------- ##
## Output variables. ##
## ----------------- ##

AR='ar'
AWK='gawk'
CC='cc'
CFLAGS='-g'
CONFIGURE_COMMAND=' '\''./configure'\''  '\''--disable-option-checking'\'' '\''--prefix=/usr/local/lib/php/extensions/no-debug-zts-20090626/wsf_c'\'' '\''--with-wsf'\'' '\''--enable-openssl'\'' '\''--with-axis2=/home/nandika/work/wsfphp/2.1.0dist/wsf_c/axis2c/include'\'' '\''--enable-tcp=yes'\'' '\''--enable-tests=yes'\'' '\''--enable-savan=no'\'' '\''--with-xmpp'\'' '\''--with-archive'\'''
CONFIGURE_OPTIONS=' '\''--disable-option-checking'\'' '\''--prefix=/usr/local/lib/php/extensions/no-debug-zts-20090626/wsf_c'\'' '\''--with-wsf'\'' '\''--enable-openssl'\'' '\''--with-axis2=/home/nandika/work/wsfphp/2.1.0dist/wsf_c/axis2c/include'\'' '\''--enable-tcp=yes'\'' '\''--enable-tests=yes'\'' '\''--enable-savan=no'\'' '\''--with-xmpp'\'' '\''--with-archive'\'''
CPP='cc -E'
CPPFLAGS=' -DHAVE_CONFIG_H'
DEFS='-DHAVE_CONFIG_H'
DSYMUTIL=''
ECHO='echo'
ECHO_C=''
ECHO_N='-n'
ECHO_T=''
EGREP='/bin/grep -E'
EXEEXT=''
GREP='/bin/grep'
LDFLAGS=''
LIBOBJS=''
LIBS=''
LIBTOOL='$(SHELL) $(top_builddir)/libtool'
LN_S='ln -s'
LTLIBOBJS=''
NMEDIT=''
OBJEXT='o'
PACKAGE_BUGREPORT=''
PACKAGE_NAME=''
PACKAGE_STRING=''
PACKAGE_TARNAME=''
PACKAGE_VERSION=''
PATH_SEPARATOR=':'
RANLIB='ranlib'
RE2C='exit 0;'
SED='/bin/sed'
SHELL='/bin/sh'
SHLIB_DL_SUFFIX_NAME='so'
SHLIB_SUFFIX_NAME='so'
STRIP='strip'
ac_ct_CC='cc'
bindir='${exec_prefix}/bin'
build='x86_64-unknown-linux-gnu'
build_alias=''
build_cpu='x86_64'
build_os='linux-gnu'
build_vendor='unknown'
datadir='${datarootdir}'
datarootdir='${prefix}/share'
docdir='${datarootdir}/doc/${PACKAGE}'
dvidir='${docdir}'
exec_prefix='$(prefix)'
host='x86_64-unknown-linux-gnu'
host_alias='x86_64-unknown-linux-gnu'
host_cpu='x86_64'
host_os='linux-gnu'
host_vendor='unknown'
htmldir='${docdir}'
includedir='${prefix}/include'
infodir='${datarootdir}/info'
libdir='${exec_prefix}/lib'
libexecdir='${exec_prefix}/libexec'
localedir='${datarootdir}/locale'
localstatedir='${prefix}/var'
mandir='${datarootdir}/man'
oldincludedir='/usr/include'
pdfdir='${docdir}'
prefix='/usr/local'
program_transform_name='s,x,x,'
psdir='${docdir}'
sbindir='${exec_prefix}/sbin'
sharedstatedir='${prefix}/com'
sysconfdir='${prefix}/etc'
target='x86_64-unknown-linux-gnu'
target_alias=''
target_cpu='x86_64'
target_os='linux-gnu'
target_vendor='unknown'

## ----------- ##
## confdefs.h. ##
## ----------- ##

#define PACKAGE_NAME ""
#define PACKAGE_TARNAME ""
#define PACKAGE_VERSION ""
#define PACKAGE_STRING ""
#define PACKAGE_BUGREPORT ""
#define HAVE_WSF 1
#define COMPILE_DL_WSF 1
#define STDC_HEADERS 1
#define HAVE_SYS_TYPES_H 1
#define HAVE_SYS_STAT_H 1
#define HAVE_STDLIB_H 1
#define HAVE_STRING_H 1
#define HAVE_MEMORY_H 1
#define HAVE_STRINGS_H 1
#define HAVE_INTTYPES_H 1
#define HAVE_STDINT_H 1
#define HAVE_UNISTD_H 1
#define HAVE_DLFCN_H 1

configure: exit 0
